# JRE version: OpenJDK Runtime Environment (15.0.2+7) (build 15.0.2+7-27)
# Java VM: OpenJDK 64-Bit Server VM (15.0.2+7-27, mixed mode, sharing, tiered, compressed oops, g1 gc, windows-amd64)
GC Precious Log:
 CPUs: 8 total, 8 available
 Memory: 8035M
 Large Page Support: Disabled
 NUMA Support: Disabled
 Compressed Oops: Enabled (32-bit)
 Heap Region Size: 1M
 Heap Min Capacity: 8M
 Heap Initial Capacity: 126M
 Heap Max Capacity: 2010M
 Pre-touch: Disabled
 Parallel Workers: 8
 Concurrent Workers: 2
 Concurrent Refinement Workers: 8
 Periodic GC: Disabled
Heap:
 garbage-first heap   total 67584K, used 26046K [0x0000000082600000, 0x0000000100000000)
  region size 1024K, 8 young (8192K), 5 survivors (5120K)
 Metaspace       used 47889K, capacity 48412K, committed 48540K, reserved 1101824K
  class space    used 6622K, capacity 6794K, committed 6892K, reserved 1048576K
GC Heap History (20 events):
Event: 1.352 GC heap before
{Heap before GC invocations=1 (full 0):
 garbage-first heap   total 129024K, used 26292K [0x0000000082600000, 0x0000000100000000)
  region size 1024K, 22 young (22528K), 3 survivors (3072K)
 Metaspace       used 11936K, capacity 12254K, committed 12416K, reserved 1060864K
  class space    used 1556K, capacity 1650K, committed 1664K, reserved 1048576K
}
Event: 1.356 GC heap after
{Heap after GC invocations=2 (full 0):
 garbage-first heap   total 129024K, used 9525K [0x0000000082600000, 0x0000000100000000)
  region size 1024K, 2 young (2048K), 2 survivors (2048K)
 Metaspace       used 11936K, capacity 12254K, committed 12416K, reserved 1060864K
  class space    used 1556K, capacity 1650K, committed 1664K, reserved 1048576K
}
Event: 1.702 GC heap before
{Heap before GC invocations=2 (full 0):
 garbage-first heap   total 129024K, used 50485K [0x0000000082600000, 0x0000000100000000)
  region size 1024K, 43 young (44032K), 2 survivors (2048K)
 Metaspace       used 18264K, capacity 18534K, committed 18688K, reserved 1064960K
  class space    used 2439K, capacity 2542K, committed 2560K, reserved 1048576K
}
Event: 1.707 GC heap after
{Heap after GC invocations=3 (full 0):
 garbage-first heap   total 129024K, used 11465K [0x0000000082600000, 0x0000000100000000)
  region size 1024K, 4 young (4096K), 4 survivors (4096K)
 Metaspace       used 18264K, capacity 18534K, committed 18688K, reserved 1064960K
  class space    used 2439K, capacity 2542K, committed 2560K, reserved 1048576K
}
Event: 2.092 GC heap before
{Heap before GC invocations=3 (full 0):
 garbage-first heap   total 129024K, used 67785K [0x0000000082600000, 0x0000000100000000)
  region size 1024K, 61 young (62464K), 4 survivors (4096K)
 Metaspace       used 20853K, capacity 21190K, committed 21296K, reserved 1067008K
  class space    used 2799K, capacity 2929K, committed 2944K, reserved 1048576K
}
Event: 2.099 GC heap after
{Heap after GC invocations=4 (full 0):
 garbage-first heap   total 129024K, used 13093K [0x0000000082600000, 0x0000000100000000)
  region size 1024K, 5 young (5120K), 5 survivors (5120K)
 Metaspace       used 20853K, capacity 21190K, committed 21296K, reserved 1067008K
  class space    used 2799K, capacity 2929K, committed 2944K, reserved 1048576K
}
Event: 2.778 GC heap before
{Heap before GC invocations=5 (full 0):
 garbage-first heap   total 48128K, used 47909K [0x0000000082600000, 0x0000000100000000)
  region size 1024K, 39 young (39936K), 5 survivors (5120K)
 Metaspace       used 25423K, capacity 25827K, committed 25904K, reserved 1071104K
  class space    used 3519K, capacity 3654K, committed 3712K, reserved 1048576K
}
Event: 2.793 GC heap after
{Heap after GC invocations=6 (full 0):
 garbage-first heap   total 56320K, used 16085K [0x0000000082600000, 0x0000000100000000)
  region size 1024K, 8 young (8192K), 8 survivors (8192K)
 Metaspace       used 25423K, capacity 25827K, committed 25904K, reserved 1071104K
  class space    used 3519K, capacity 3654K, committed 3712K, reserved 1048576K
}
Event: 2.946 GC heap before
{Heap before GC invocations=6 (full 0):
 garbage-first heap   total 56320K, used 38613K [0x0000000082600000, 0x0000000100000000)
  region size 1024K, 31 young (31744K), 8 survivors (8192K)
 Metaspace       used 26907K, capacity 27299K, committed 27568K, reserved 1073152K
  class space    used 3649K, capacity 3782K, committed 3840K, reserved 1048576K
}
Event: 2.960 GC heap after
{Heap after GC invocations=7 (full 0):
 garbage-first heap   total 67584K, used 16627K [0x0000000082600000, 0x0000000100000000)
  region size 1024K, 1 young (1024K), 1 survivors (1024K)
 Metaspace       used 26907K, capacity 27299K, committed 27568K, reserved 1073152K
  class space    used 3649K, capacity 3782K, committed 3840K, reserved 1048576K
}
Event: 3.110 GC heap before
{Heap before GC invocations=7 (full 0):
 garbage-first heap   total 67584K, used 49395K [0x0000000082600000, 0x0000000100000000)
  region size 1024K, 34 young (34816K), 1 survivors (1024K)
 Metaspace       used 27875K, capacity 28370K, committed 28464K, reserved 1073152K
  class space    used 3781K, capacity 3947K, committed 3968K, reserved 1048576K
}
Event: 3.111 GC heap after
{Heap after GC invocations=8 (full 0):
 garbage-first heap   total 67584K, used 16898K [0x0000000082600000, 0x0000000100000000)
  region size 1024K, 2 young (2048K), 2 survivors (2048K)
 Metaspace       used 27875K, capacity 28370K, committed 28464K, reserved 1073152K
  class space    used 3781K, capacity 3947K, committed 3968K, reserved 1048576K
}
Event: 4.189 GC heap before
{Heap before GC invocations=8 (full 0):
 garbage-first heap   total 67584K, used 48642K [0x0000000082600000, 0x0000000100000000)
  region size 1024K, 35 young (35840K), 2 survivors (2048K)
 Metaspace       used 35399K, capacity 35827K, committed 35888K, reserved 1081344K
  class space    used 4820K, capacity 4978K, committed 4992K, reserved 1048576K
}
Event: 4.192 GC heap after
{Heap after GC invocations=9 (full 0):
 garbage-first heap   total 67584K, used 19170K [0x0000000082600000, 0x0000000100000000)
  region size 1024K, 4 young (4096K), 4 survivors (4096K)
 Metaspace       used 35399K, capacity 35827K, committed 35888K, reserved 1081344K
  class space    used 4820K, capacity 4978K, committed 4992K, reserved 1048576K
}
Event: 5.489 GC heap before
{Heap before GC invocations=10 (full 0):
 garbage-first heap   total 67584K, used 50914K [0x0000000082600000, 0x0000000100000000)
  region size 1024K, 35 young (35840K), 4 survivors (4096K)
 Metaspace       used 42386K, capacity 42854K, committed 43164K, reserved 1087488K
  class space    used 5841K, capacity 6015K, committed 6124K, reserved 1048576K
}
Event: 5.493 GC heap after
{Heap after GC invocations=11 (full 0):
 garbage-first heap   total 67584K, used 20801K [0x0000000082600000, 0x0000000100000000)
  region size 1024K, 4 young (4096K), 4 survivors (4096K)
 Metaspace       used 42386K, capacity 42854K, committed 43164K, reserved 1087488K
  class space    used 5841K, capacity 6015K, committed 6124K, reserved 1048576K
}
Event: 5.990 GC heap before
{Heap before GC invocations=11 (full 0):
 garbage-first heap   total 67584K, used 32065K [0x0000000082600000, 0x0000000100000000)
  region size 1024K, 16 young (16384K), 4 survivors (4096K)
 Metaspace       used 43944K, capacity 44434K, committed 44572K, reserved 1093632K
  class space    used 6011K, capacity 6177K, committed 6252K, reserved 1048576K
}
Event: 5.993 GC heap after
{Heap after GC invocations=12 (full 0):
 garbage-first heap   total 67584K, used 21882K [0x0000000082600000, 0x0000000100000000)
  region size 1024K, 3 young (3072K), 3 survivors (3072K)
 Metaspace       used 43944K, capacity 44434K, committed 44572K, reserved 1093632K
  class space    used 6011K, capacity 6177K, committed 6252K, reserved 1048576K
}
Event: 6.585 GC heap before
{Heap before GC invocations=13 (full 0):
 garbage-first heap   total 67584K, used 52602K [0x0000000082600000, 0x0000000100000000)
  region size 1024K, 33 young (33792K), 3 survivors (3072K)
 Metaspace       used 47721K, capacity 48246K, committed 48540K, reserved 1101824K
  class space    used 6599K, capacity 6761K, committed 6892K, reserved 1048576K
}
Event: 6.589 GC heap after
{Heap after GC invocations=14 (full 0):
 garbage-first heap   total 67584K, used 23998K [0x0000000082600000, 0x0000000100000000)
  region size 1024K, 5 young (5120K), 5 survivors (5120K)
 Metaspace       used 47721K, capacity 48246K, committed 48540K, reserved 1101824K
  class space    used 6599K, capacity 6761K, committed 6892K, reserved 1048576K
}

