# JRE version: OpenJDK Runtime Environment (15.0.2+7) (build 15.0.2+7-27)
# Java VM: OpenJDK 64-Bit Server VM (15.0.2+7-27, mixed mode, sharing, tiered, compressed oops, g1 gc, windows-amd64)
GC Precious Log:
 CPUs: 8 total, 8 available
 Memory: 8035M
 Large Page Support: Disabled
 NUMA Support: Disabled
 Compressed Oops: Enabled (32-bit)
 Heap Region Size: 1M
 Heap Min Capacity: 8M
 Heap Initial Capacity: 126M
 Heap Max Capacity: 2010M
 Pre-touch: Disabled
 Parallel Workers: 8
 Concurrent Workers: 2
 Concurrent Refinement Workers: 8
 Periodic GC: Disabled
Heap:
 garbage-first heap   total 79872K, used 19610K [0x0000000082600000, 0x0000000100000000)
  region size 1024K, 4 young (4096K), 4 survivors (4096K)
 Metaspace       used 37818K, capacity 38251K, committed 38448K, reserved 1091584K
  class space    used 5063K, capacity 5235K, committed 5248K, reserved 1048576K
GC Heap History (17 events):
Event: 0.782 GC heap before
{Heap before GC invocations=0 (full 0):
 garbage-first heap   total 129024K, used 23552K [0x0000000082600000, 0x0000000100000000)
  region size 1024K, 23 young (23552K), 0 survivors (0K)
 Metaspace       used 6199K, capacity 6359K, committed 6528K, reserved 1056768K
  class space    used 727K, capacity 773K, committed 896K, reserved 1048576K
}
Event: 0.789 GC heap after
{Heap after GC invocations=1 (full 0):
 garbage-first heap   total 129024K, used 7325K [0x0000000082600000, 0x0000000100000000)
  region size 1024K, 3 young (3072K), 3 survivors (3072K)
 Metaspace       used 6199K, capacity 6359K, committed 6528K, reserved 1056768K
  class space    used 727K, capacity 773K, committed 896K, reserved 1048576K
}
Event: 1.135 GC heap before
{Heap before GC invocations=1 (full 0):
 garbage-first heap   total 129024K, used 29853K [0x0000000082600000, 0x0000000100000000)
  region size 1024K, 26 young (26624K), 3 survivors (3072K)
 Metaspace       used 10719K, capacity 11059K, committed 11264K, reserved 1058816K
  class space    used 1400K, capacity 1490K, committed 1536K, reserved 1048576K
}
Event: 1.141 GC heap after
{Heap after GC invocations=2 (full 0):
 garbage-first heap   total 129024K, used 9353K [0x0000000082600000, 0x0000000100000000)
  region size 1024K, 2 young (2048K), 2 survivors (2048K)
 Metaspace       used 10719K, capacity 11059K, committed 11264K, reserved 1058816K
  class space    used 1400K, capacity 1490K, committed 1536K, reserved 1048576K
}
Event: 1.444 GC heap before
{Heap before GC invocations=2 (full 0):
 garbage-first heap   total 129024K, used 51337K [0x0000000082600000, 0x0000000100000000)
  region size 1024K, 44 young (45056K), 2 survivors (2048K)
 Metaspace       used 18027K, capacity 18378K, committed 18688K, reserved 1064960K
  class space    used 2362K, capacity 2471K, committed 2560K, reserved 1048576K
}
Event: 1.450 GC heap after
{Heap after GC invocations=3 (full 0):
 garbage-first heap   total 129024K, used 11339K [0x0000000082600000, 0x0000000100000000)
  region size 1024K, 4 young (4096K), 4 survivors (4096K)
 Metaspace       used 18027K, capacity 18378K, committed 18688K, reserved 1064960K
  class space    used 2362K, capacity 2471K, committed 2560K, reserved 1048576K
}
Event: 1.876 GC heap before
{Heap before GC invocations=3 (full 0):
 garbage-first heap   total 129024K, used 76875K [0x0000000082600000, 0x0000000100000000)
  region size 1024K, 70 young (71680K), 4 survivors (4096K)
 Metaspace       used 20868K, capacity 21187K, committed 21296K, reserved 1067008K
  class space    used 2764K, capacity 2890K, committed 2944K, reserved 1048576K
}
Event: 1.884 GC heap after
{Heap after GC invocations=4 (full 0):
 garbage-first heap   total 129024K, used 12793K [0x0000000082600000, 0x0000000100000000)
  region size 1024K, 6 young (6144K), 6 survivors (6144K)
 Metaspace       used 20868K, capacity 21187K, committed 21296K, reserved 1067008K
  class space    used 2764K, capacity 2890K, committed 2944K, reserved 1048576K
}
Event: 2.564 GC heap before
{Heap before GC invocations=5 (full 0):
 garbage-first heap   total 55296K, used 39417K [0x0000000082600000, 0x0000000100000000)
  region size 1024K, 32 young (32768K), 6 survivors (6144K)
 Metaspace       used 24180K, capacity 24582K, committed 24880K, reserved 1071104K
  class space    used 3262K, capacity 3393K, committed 3456K, reserved 1048576K
}
Event: 2.575 GC heap after
{Heap after GC invocations=6 (full 0):
 garbage-first heap   total 66560K, used 14773K [0x0000000082600000, 0x0000000100000000)
  region size 1024K, 4 young (4096K), 4 survivors (4096K)
 Metaspace       used 24180K, capacity 24582K, committed 24880K, reserved 1071104K
  class space    used 3262K, capacity 3393K, committed 3456K, reserved 1048576K
}
Event: 3.370 GC heap before
{Heap before GC invocations=6 (full 0):
 garbage-first heap   total 66560K, used 46517K [0x0000000082600000, 0x0000000100000000)
  region size 1024K, 36 young (36864K), 4 survivors (4096K)
 Metaspace       used 27345K, capacity 27800K, committed 28080K, reserved 1073152K
  class space    used 3661K, capacity 3782K, committed 3840K, reserved 1048576K
}
Event: 3.382 GC heap after
{Heap after GC invocations=7 (full 0):
 garbage-first heap   total 66560K, used 16545K [0x0000000082600000, 0x0000000100000000)
  region size 1024K, 4 young (4096K), 4 survivors (4096K)
 Metaspace       used 27345K, capacity 27800K, committed 28080K, reserved 1073152K
  class space    used 3661K, capacity 3782K, committed 3840K, reserved 1048576K
}
Event: 3.442 GC heap before
{Heap before GC invocations=7 (full 0):
 garbage-first heap   total 66560K, used 48289K [0x0000000082600000, 0x0000000100000000)
  region size 1024K, 36 young (36864K), 4 survivors (4096K)
 Metaspace       used 27595K, capacity 28056K, committed 28208K, reserved 1073152K
  class space    used 3687K, capacity 3846K, committed 3968K, reserved 1048576K
}
Event: 3.451 GC heap after
{Heap after GC invocations=8 (full 0):
 garbage-first heap   total 66560K, used 16946K [0x0000000082600000, 0x0000000100000000)
  region size 1024K, 3 young (3072K), 3 survivors (3072K)
 Metaspace       used 27595K, capacity 28056K, committed 28208K, reserved 1073152K
  class space    used 3687K, capacity 3846K, committed 3968K, reserved 1048576K
}
Event: 3.857 GC heap before
{Heap before GC invocations=8 (full 0):
 garbage-first heap   total 66560K, used 37426K [0x0000000082600000, 0x0000000100000000)
  region size 1024K, 24 young (24576K), 3 survivors (3072K)
 Metaspace       used 31128K, capacity 31539K, committed 31664K, reserved 1083392K
  class space    used 4088K, capacity 4238K, committed 4352K, reserved 1048576K
}
Event: 3.862 GC heap after
{Heap after GC invocations=9 (full 0):
 garbage-first heap   total 66560K, used 18115K [0x0000000082600000, 0x0000000100000000)
  region size 1024K, 4 young (4096K), 4 survivors (4096K)
 Metaspace       used 31128K, capacity 31539K, committed 31664K, reserved 1083392K
  class space    used 4088K, capacity 4238K, committed 4352K, reserved 1048576K
}
Event: 4.432 GC heap before
{Heap before GC invocations=10 (full 0):
 garbage-first heap   total 66560K, used 49859K [0x0000000082600000, 0x0000000100000000)
  region size 1024K, 36 young (36864K), 4 survivors (4096K)
 Metaspace       used 37818K, capacity 38251K, committed 38448K, reserved 1091584K
  class space    used 5063K, capacity 5235K, committed 5248K, reserved 1048576K
}

